
> fintrack-frontend@0.0.0 start
> ng serve --port 4200 --host 0.0.0.0 --proxy-config proxy.conf.json

[1m[33m
Warning: This is a simple server for use in testing or debugging Angular applications
locally. It hasn't been reviewed for security issues.

Binding this server to an open connection can result in compromising your application or
computer. Using a different host than the one passed to the "--host" flag might result in
websocket connection issues.
    [39m[22m
[33m>[39m Building...
[32m√[39m Building...
[1mInitial chunk files[22m[2m | [22m[1mNames[22m                 [2m | [22m [1mRaw size[22m
[32mstyles.css[39m         [2m | [22m[2mstyles[22m                [2m | [22m  [36m8.64 kB[39m[2m | [22m
[32mmain.js[39m            [2m | [22m[2mmain[22m                  [2m | [22m  [36m3.94 kB[39m[2m | [22m
[32mchunk-KPPDIQRB.js[39m  [2m | [22m[2m-[22m                     [2m | [22m  [36m1.89 kB[39m[2m | [22m
[32mchunk-PZ5AY32C.js[39m  [2m | [22m[2m-[22m                     [2m | [22m[36m234 bytes[39m[2m | [22m

[1m [22m                  [2m | [22m[1mInitial total[22m         [2m | [22m [1m14.71 kB[22m

[1mLazy chunk files[22m   [2m | [22m[1mNames[22m                 [2m | [22m [1mRaw size[22m
[32mchunk-7UCQI3UC.js[39m  [2m | [22m[2mregister-component[22m    [2m | [22m [36m12.48 kB[39m[2m | [22m
[32mchunk-WMTFHNNF.js[39m  [2m | [22m[2mlogin-component[22m       [2m | [22m [36m11.05 kB[39m[2m | [22m
[32mchunk-EJKNGZJM.js[39m  [2m | [22m[2mtransactions-component[22m[2m | [22m  [36m2.61 kB[39m[2m | [22m
[32mchunk-4RSZVAQO.js[39m  [2m | [22m[2mdashboard-component[22m   [2m | [22m  [36m2.53 kB[39m[2m | [22m

Application bundle generation complete. [3.519 seconds] - 2026-05-29T21:37:31.735Z

Watch mode enabled. Watching for file changes...
NOTE: Raw file sizes do not reflect development server per-request transformations.
  [32m➜[39m  [1mLocal[22m:   [36mhttp://localhost:[1m4200[22m/[39m
  [32m➜[39m  [1mNetwork[22m: [36mhttp://192.168.56.1:[1m4200[22m/[39m
  [32m➜[39m  [1mNetwork[22m: [36mhttp://192.168.101.3:[1m4200[22m/[39m
  [32m➜[39m  [1mNetwork[22m: [36mhttp://172.29.80.1:[1m4200[22m/[39m
[2m[32m  ➜[39m[22m[2m  press [22m[1mh + enter[22m[2m to show help[22m
^C^C